<?xml version="1.0" encoding="UTF-8"?>
<testng-results skipped="0" failed="0" ignored="0" total="1" passed="1">
  <reporter-output>
  </reporter-output>
  <suite name="Default suite" duration-ms="27730" started-at="2018-03-15T16:23:42Z" finished-at="2018-03-15T16:24:10Z">
    <groups>
    </groups>
    <test name="Default test" duration-ms="27730" started-at="2018-03-15T16:23:42Z" finished-at="2018-03-15T16:24:10Z">
      <class name="screenShot">
        <test-method status="PASS" signature="captureScreenshot()[pri:0, instance:screenShot@46d56d67]" name="captureScreenshot" duration-ms="27703" started-at="2018-03-15T21:53:42Z" finished-at="2018-03-15T21:54:10Z">
          <reporter-output>
          </reporter-output>
        </test-method> <!-- captureScreenshot -->
      </class> <!-- screenShot -->
    </test> <!-- Default test -->
  </suite> <!-- Default suite -->
</testng-results>
